<?xml version="1.0" encoding="UTF-8"?>
<!-- Generated by org.testng.reporters.JUnitReportReporter -->
<testsuite hostname="Vivek" failures="0" tests="17" name="automation.com.CalrikTestNG" time="419.390" errors="0" timestamp="2025-02-03T19:29:00 IST" skipped="1">
  <testcase classname="automation.com.CalrikTestNG" name="userLogin" time="9.808"/>
  <testcase classname="automation.com.CalrikTestNG" name="createAvailability" time="34.276"/>
  <testcase classname="automation.com.CalrikTestNG" name="createOTOMeeting" time="36.383"/>
  <testcase classname="automation.com.CalrikTestNG" name="createPollMeeting" time="36.008"/>
  <testcase classname="automation.com.CalrikTestNG" name="createGroupEvent" time="28.088"/>
  <testcase classname="automation.com.CalrikTestNG" name="deleteAvailability" time="24.677"/>
  <testcase classname="automation.com.CalrikTestNG" name="logOut" time="15.718"/>
  <testcase classname="automation.com.CalrikTestNG" name="createCategory" time="28.579"/>
  <testcase classname="automation.com.CalrikTestNG" name="deleteCategory" time="28.466"/>
  <testcase classname="automation.com.CalrikTestNG" name="connectiCloud" time="30.983"/>
  <testcase classname="automation.com.CalrikTestNG" name="disconnectiCloud" time="23.056"/>
  <testcase classname="automation.com.CalrikTestNG" name="forgotPassword" time="28.508"/>
  <testcase classname="automation.com.CalrikTestNG" name="defaultPage" time="29.041"/>
  <testcase classname="automation.com.CalrikTestNG" name="openAnalyticsPage" time="16.938"/>
  <testcase classname="automation.com.CalrikTestNG" name="updateProfile" time="25.418"/>
  <testcase classname="automation.com.CalrikTestNG" name="changePassword" time="23.443"/>
  <testcase classname="automation.com.CalrikTestNG" name="deleteMeeting">
    <skipped/>
  </testcase> <!-- deleteMeeting -->
</testsuite> <!-- automation.com.CalrikTestNG -->
